<?xml version="1.0" encoding="UTF-8"?>
<!-- Generated by org.testng.reporters.JUnitXMLReporter -->
<testsuite hostname="LAPTOP-0RL8H8L8" ignored="0" name="Test" tests="3" failures="0" timestamp="2020-11-16T15:28:51 IST" time="133.314" errors="0">
  <testcase name="Validation" time="54.241" classname="qaclickacademy.javamaven.ecommerce1"/>
  <testcase name="apiDemoTest" time="36.594" classname="qaclickacademy.javamaven.basics"/>
  <testcase name="apiDemoTest" time="39.29" classname="qaclickacademy.javamaven.basics"/>
</testsuite> <!-- Test -->
