<?xml version="1.0" encoding="UTF-8"?>
<!-- Generated by org.testng.reporters.JUnitXMLReporter -->
<testsuite hostname="LAPTOP-0RL8H8L8" ignored="0" name="Test" tests="3" failures="0" timestamp="2020-11-16T14:59:39 IST" time="89.502" errors="0">
  <testcase name="Validation" time="40.897" classname="qaclickacademy.javamaven.ecommerce1"/>
  <testcase name="apiDemoTest" time="23.943" classname="qaclickacademy.javamaven.basics"/>
  <testcase name="apiDemoTest" time="21.568" classname="qaclickacademy.javamaven.basics"/>
</testsuite> <!-- Test -->
